<?xml version="1.0" encoding="UTF-8"?>
<!-- Generated by org.testng.reporters.JUnitReportReporter -->
<testsuite hostname="DESKTOP-NIKNT8S" failures="0" tests="3" name="SeleniumTest_Guru99" time="20.367" errors="0" timestamp="2024-11-03T12:22:35 PST" skipped="0">
  <testcase classname="SeleniumTest_Guru99" name="AddCustomer" time="8.641"/>
  <testcase classname="SeleniumTest_Guru99" name="AddCustomer" time="6.491"/>
  <testcase classname="SeleniumTest_Guru99" name="AddCustomer" time="5.235"/>
</testsuite> <!-- SeleniumTest_Guru99 -->
