<?xml version="1.0" encoding="UTF-8"?>
<!-- Generated by org.testng.reporters.JUnitReportReporter -->
<testsuite hostname="DESKTOP-NIKNT8S" failures="0" tests="6" name="SeleniumNewTest" time="23.850" errors="0" timestamp="2024-11-03T18:53:17 PST" skipped="0">
  <testcase classname="SeleniumNewTest" name="TestSelenium" time="11.713"/>
  <testcase classname="SeleniumNewTest" name="TestMathFunctions2" time="0.001"/>
  <testcase classname="SeleniumNewTest" name="TestMathFunctions2" time="0.001"/>
  <testcase classname="SeleniumNewTest" name="TestSelenium" time="12.127"/>
  <testcase classname="SeleniumNewTest" name="TestMathFunctions" time="0.000"/>
  <testcase classname="SeleniumNewTest" name="TestMathFunctions" time="0.008"/>
</testsuite> <!-- SeleniumNewTest -->
