<?xml version="1.0" encoding="UTF-8"?>
<!-- Generated by org.testng.reporters.JUnitReportReporter -->
<testsuite hostname="DESKTOP-NIKNT8S" failures="0" tests="4" name="TestMath" time="9.521" errors="0" timestamp="2024-11-03T12:01:26 PST" skipped="0">
  <testcase classname="TestMath" name="TestX" time="9.516"/>
  <testcase classname="TestMath" name="TestDifferenceWithDiffrentValues" time="0.003"/>
  <testcase classname="TestMath" name="TestAdditionWithDiffrentValues" time="0.001"/>
  <testcase classname="TestMath" name="TestPrimeWithDiffrentValues" time="0.001"/>
</testsuite> <!-- TestMath -->
