<?xml version="1.0" encoding="UTF-8"?>
<!-- Generated by org.testng.reporters.JUnitReportReporter -->
<testsuite hostname="DESKTOP-NIKNT8S" failures="0" tests="5" name="TestMath" time="0.004" errors="0" timestamp="2024-10-20T16:30:29 PDT" skipped="0">
  <testcase classname="TestMath" name="AddtoCart" time="0.004"/>
  <testcase classname="TestMath" name="TestX" time="0.000"/>
  <testcase classname="TestMath" name="TestDifferenceWithDiffrentValues" time="0.000"/>
  <testcase classname="TestMath" name="TestAdditionWithDiffrentValues" time="0.000"/>
  <testcase classname="TestMath" name="TestPrimeWithDiffrentValues" time="0.000"/>
</testsuite> <!-- TestMath -->
